{"/Users/jessica/Desktop/webutvikling-api-design/application.jsx": {"path":"/Users/jessica/Desktop/webutvikling-api-design/application.jsx","statementMap":{"0":{"start":{"line":4,"column":4},"end":{"line":9,"column":11}},"1":{"start":{"line":14,"column":30},"end":{"line":14,"column":42}},"2":{"start":{"line":15,"column":28},"end":{"line":15,"column":40}},"3":{"start":{"line":16,"column":28},"end":{"line":16,"column":40}},"4":{"start":{"line":19,"column":8},"end":{"line":19,"column":39}},"5":{"start":{"line":22,"column":4},"end":{"line":33,"column":11}},"6":{"start":{"line":25,"column":75},"end":{"line":25,"column":99}},"7":{"start":{"line":28,"column":72},"end":{"line":28,"column":95}}},"fnMap":{"0":{"name":"ListMovies","decl":{"start":{"line":3,"column":16},"end":{"line":3,"column":26}},"loc":{"start":{"line":3,"column":29},"end":{"line":10,"column":1}},"line":3},"1":{"name":"NewMovieForm","decl":{"start":{"line":12,"column":16},"end":{"line":12,"column":28}},"loc":{"start":{"line":12,"column":43},"end":{"line":34,"column":1}},"line":12},"2":{"name":"handleSubmit","decl":{"start":{"line":18,"column":13},"end":{"line":18,"column":25}},"loc":{"start":{"line":18,"column":28},"end":{"line":20,"column":5}},"line":18},"3":{"name":"(anonymous_3)","decl":{"start":{"line":25,"column":70},"end":{"line":25,"column":71}},"loc":{"start":{"line":25,"column":75},"end":{"line":25,"column":99}},"line":25},"4":{"name":"(anonymous_4)","decl":{"start":{"line":28,"column":67},"end":{"line":28,"column":68}},"loc":{"start":{"line":28,"column":72},"end":{"line":28,"column":95}},"line":28}},"branchMap":{},"s":{"0":1,"1":4,"2":4,"3":4,"4":1,"5":4,"6":1,"7":1},"f":{"0":1,"1":4,"2":1,"3":1,"4":1},"b":{},"_coverageSchema":"1a1c01bbd47fc00a2c39e90264f33305004495a9","hash":"a5a534f16287c900824eca912605c4fc073be0d5"}
,"/Users/jessica/Desktop/webutvikling-api-design/index.jsx": {"path":"/Users/jessica/Desktop/webutvikling-api-design/index.jsx","statementMap":{"0":{"start":{"line":5,"column":0},"end":{"line":5,"column":65}}},"fnMap":{},"branchMap":{},"s":{"0":0},"f":{},"b":{}}
}
